<?xml version="1.0" encoding="UTF-8"?>
<testng-results ignored="0" total="2" passed="2" failed="0" skipped="0">
  <reporter-output>
  </reporter-output>
  <suite started-at="2023-08-14T12:41:22 IST" name="DataReadFromExcelSheet" finished-at="2023-08-14T12:41:27 IST" duration-ms="5087">
    <groups>
    </groups>
    <test started-at="2023-08-14T12:41:22 IST" name="ChromeTest" finished-at="2023-08-14T12:41:27 IST" duration-ms="5087">
      <class name="com.testExecution.Runner">
        <test-method is-config="true" signature="setUp()[pri:0, instance:com.testExecution.Runner@6c4906d3]" started-at="2023-08-14T12:41:15 IST" name="setUp" finished-at="2023-08-14T12:41:22 IST" duration-ms="6853" status="PASS">
          <reporter-output>
          </reporter-output>
        </test-method> <!-- setUp -->
        <test-method is-config="true" signature="aUrl()[pri:0, instance:com.testExecution.Runner@6c4906d3]" started-at="2023-08-14T12:41:23 IST" name="aUrl" finished-at="2023-08-14T12:41:25 IST" duration-ms="1490" status="PASS">
          <reporter-output>
          </reporter-output>
        </test-method> <!-- aUrl -->
        <test-method signature="searchAProduct([Ljava.lang.String;)[pri:0, instance:com.testExecution.Runner@6c4906d3]" started-at="2023-08-14T12:41:25 IST" name="searchAProduct" data-provider="data" finished-at="2023-08-14T12:41:25 IST" duration-ms="514" status="PASS">
          <params>
            <param index="0">
              <value>
                <![CDATA[[Ljava.lang.String;@329548d0]]>
              </value>
            </param>
          </params>
          <reporter-output>
          </reporter-output>
        </test-method> <!-- searchAProduct -->
        <test-method is-config="true" signature="aUrl()[pri:0, instance:com.testExecution.Runner@6c4906d3]" started-at="2023-08-14T12:41:25 IST" name="aUrl" finished-at="2023-08-14T12:41:26 IST" duration-ms="754" status="PASS">
          <reporter-output>
          </reporter-output>
        </test-method> <!-- aUrl -->
        <test-method signature="searchAProduct([Ljava.lang.String;)[pri:0, instance:com.testExecution.Runner@6c4906d3]" started-at="2023-08-14T12:41:26 IST" name="searchAProduct" data-provider="data" finished-at="2023-08-14T12:41:26 IST" duration-ms="298" status="PASS">
          <params>
            <param index="0">
              <value>
                <![CDATA[[Ljava.lang.String;@3003827c]]>
              </value>
            </param>
          </params>
          <reporter-output>
          </reporter-output>
        </test-method> <!-- searchAProduct -->
        <test-method is-config="true" signature="tearDown()[pri:0, instance:com.testExecution.Runner@6c4906d3]" started-at="2023-08-14T12:41:26 IST" name="tearDown" finished-at="2023-08-14T12:41:27 IST" duration-ms="526" status="PASS">
          <reporter-output>
          </reporter-output>
        </test-method> <!-- tearDown -->
      </class> <!-- com.testExecution.Runner -->
    </test> <!-- ChromeTest -->
  </suite> <!-- DataReadFromExcelSheet -->
</testng-results>
